<?xml version="1.0" encoding="UTF-8"?>
<testng-results total="1" passed="1" failed="0" skipped="0">
  <reporter-output>
  </reporter-output>
  <suite started-at="2023-05-09T11:45:13Z" name="Default suite" finished-at="2023-05-09T11:45:19Z" duration-ms="5716">
    <groups>
    </groups>
    <test started-at="2023-05-09T11:45:13Z" name="Default test" finished-at="2023-05-09T11:45:19Z" duration-ms="5716">
      <class name="com.hrms.testscripts.TC_001">
        <test-method signature="TC001()[pri:0, instance:com.hrms.testscripts.TC_001@35645047]" started-at="2023-05-09T17:15:13Z" name="TC001" finished-at="2023-05-09T17:15:19Z" duration-ms="5688" status="PASS">
          <reporter-output>
          </reporter-output>
        </test-method> <!-- TC001 -->
      </class> <!-- com.hrms.testscripts.TC_001 -->
    </test> <!-- Default test -->
  </suite> <!-- Default suite -->
</testng-results>
